<?xml version="1.0" encoding="UTF-8"?>
<!-- Generated by org.testng.reporters.JUnitReportReporter -->
<testsuite hostname="Magic" failures="0" tests="1" name="organisation.Create_Org" time="10.707" errors="0" timestamp="2023-06-15T20:48:12 IST" skipped="0">
  <testcase classname="organisation.Create_Org" name="Create_Org" time="10.707"/>
  <system-out/>
</testsuite> <!-- organisation.Create_Org -->
