<?xml version="1.0" encoding="UTF-8"?>
<!-- Generated by org.testng.reporters.JUnitReportReporter -->
<testsuite hostname="Magic" failures="0" tests="1" name="product_Vtiger.Product_Create_Delete_Xcel" time="9.577" errors="0" timestamp="2023-06-16T22:23:15 IST" skipped="0">
  <testcase classname="product_Vtiger.Product_Create_Delete_Xcel" name="create" time="9.577"/>
  <system-out/>
</testsuite> <!-- product_Vtiger.Product_Create_Delete_Xcel -->
