<?xml version="1.0" encoding="UTF-8"?>
<!-- Generated by org.testng.reporters.JUnitReportReporter -->
<testsuite hostname="Magic" failures="0" tests="1" name="product_Vtiger.Product_Create_Delete_Propertyfile" time="6.976" errors="0" timestamp="2023-08-07T14:58:30 IST" skipped="0">
  <testcase classname="product_Vtiger.Product_Create_Delete_Propertyfile" name="propertyProduct" time="6.976"/>
</testsuite> <!-- product_Vtiger.Product_Create_Delete_Propertyfile -->
