<?xml version="1.0" encoding="UTF-8"?>
<!-- Generated by org.testng.reporters.JUnitReportReporter -->
<testsuite hostname="Magic" failures="0" tests="2" name="campaign.Campaign_Scenario_3vtiger" time="11.400" errors="0" timestamp="2023-06-23T10:17:58 IST" skipped="0">
  <testcase classname="campaign.Campaign_Scenario_3vtiger" name="Scenario_3" time="5.898"/>
  <testcase classname="campaign.Campaign_Scenario_3vtiger" name="Scene" time="5.502"/>
</testsuite> <!-- campaign.Campaign_Scenario_3vtiger -->
