<?xml version="1.0" encoding="UTF-8"?>
<!-- Generated by org.testng.reporters.JUnitReportReporter -->
<testsuite hostname="Magic" failures="0" tests="1" name="product_Vtiger.Product_Create" time="13.666" errors="0" timestamp="2023-06-16T23:08:28 IST" skipped="0">
  <testcase classname="product_Vtiger.Product_Create" name="create" time="13.666"/>
  <system-out/>
</testsuite> <!-- product_Vtiger.Product_Create -->
