<?xml version="1.0" encoding="UTF-8"?>
<!-- Generated by org.testng.reporters.JUnitReportReporter -->
<testsuite hostname="Magic" failures="0" tests="1" name="test_pkg.Scenario_Vtiger" time="9.333" errors="0" timestamp="2023-06-02T12:41:53 IST" skipped="0">
  <testcase classname="test_pkg.Scenario_Vtiger" name="scenario_1" time="9.333"/>
  <system-out/>
</testsuite> <!-- test_pkg.Scenario_Vtiger -->
