<?xml version="1.0" encoding="UTF-8"?>
<!-- Generated by org.testng.reporters.JUnitReportReporter -->
<testsuite hostname="Magic" failures="0" tests="1" name="product_Vtiger.Product_Vtiger_Scene_2" time="7.331" errors="0" timestamp="2023-06-02T14:16:33 IST" skipped="0">
  <testcase classname="product_Vtiger.Product_Vtiger_Scene_2" name="product_Scene_2" time="7.331"/>
  <system-out/>
</testsuite> <!-- product_Vtiger.Product_Vtiger_Scene_2 -->
