<?xml version="1.0" encoding="UTF-8"?>
<!-- Generated by org.testng.reporters.JUnitReportReporter -->
<testsuite hostname="Magic" failures="0" tests="1" name="Practice_Vtiger.Practice_vtiger_Invoice" time="8.889" errors="0" timestamp="2023-06-12T02:24:30 IST" skipped="0">
  <testcase classname="Practice_Vtiger.Practice_vtiger_Invoice" name="scenario_practice_invoice" time="8.889"/>
  <system-out/>
</testsuite> <!-- Practice_Vtiger.Practice_vtiger_Invoice -->
