<?xml version="1.0" encoding="UTF-8"?>
<!-- Generated by org.testng.reporters.JUnitReportReporter -->
<testsuite hostname="Magic" failures="0" tests="1" name="product_Vtiger.Product_Create_Delete" time="12.924" errors="0" timestamp="2023-08-07T14:58:30 IST" skipped="0">
  <testcase classname="product_Vtiger.Product_Create_Delete" name="create" time="12.924"/>
</testsuite> <!-- product_Vtiger.Product_Create_Delete -->
