<?xml version="1.0" encoding="UTF-8"?>
<!-- Generated by org.testng.reporters.JUnitReportReporter -->
<testsuite hostname="Magic" failures="0" tests="1" name="test_pkg.Scenario_Vtiger_2" time="6.001" errors="0" timestamp="2023-06-02T13:27:36 IST" skipped="0">
  <testcase classname="test_pkg.Scenario_Vtiger_2" name="scenario_2" time="6.001"/>
  <system-out/>
</testsuite> <!-- test_pkg.Scenario_Vtiger_2 -->
