<?xml version="1.0" encoding="UTF-8"?>
<!-- Generated by org.testng.reporters.JUnitReportReporter -->
<testsuite hostname="Magic" failures="0" tests="1" name="Practice_Vtiger.Test_random" time="0.006" errors="0" timestamp="2023-06-08T10:40:51 IST" skipped="0">
  <testcase classname="Practice_Vtiger.Test_random" name="cookie" time="0.006"/>
  <system-out/>
</testsuite> <!-- Practice_Vtiger.Test_random -->
