<?xml version="1.0" encoding="UTF-8"?>
<!-- Generated by org.testng.reporters.JUnitReportReporter -->
<testsuite hostname="Magic" failures="0" tests="1" name="product_Vtiger.Product_Not_Index" time="5.344" errors="0" timestamp="2023-06-06T17:24:46 IST" skipped="0">
  <testcase classname="product_Vtiger.Product_Not_Index" name="No_index" time="5.344"/>
  <system-out/>
</testsuite> <!-- product_Vtiger.Product_Not_Index -->
